
/home/runner/work/exp-effect-of-load-iitk/exp-effect-of-load-iitk/experiment/simulation/css/js/main.js
    2:10  warning  'openNav' is defined but never used                   no-unused-vars
    7:10  warning  'closeNav' is defined but never used                  no-unused-vars
   18:15  warning  'targetRect' is assigned a value but never used       no-unused-vars
   50:11  warning  'targetObject3' is assigned a value but never used    no-unused-vars
   54:15  warning  'targetRect' is assigned a value but never used       no-unused-vars
   76:11  warning  'targetObject5' is assigned a value but never used    no-unused-vars
   80:15  warning  'targetRect' is assigned a value but never used       no-unused-vars
   97:7   warning  'targetObject6' is assigned a value but never used    no-unused-vars
  102:11  warning  'targetRect' is assigned a value but never used       no-unused-vars
  116:7   warning  'targetObject9' is assigned a value but never used    no-unused-vars
  121:11  warning  'targetRect' is assigned a value but never used       no-unused-vars
  221:7   warning  'material1Button' is assigned a value but never used  no-unused-vars
  222:7   warning  'material2Button' is assigned a value but never used  no-unused-vars

/home/runner/work/exp-effect-of-load-iitk/exp-effect-of-load-iitk/experiment/simulation/js/main.js
    2:10  warning  'openNav' is defined but never used                   no-unused-vars
    7:10  warning  'closeNav' is defined but never used                  no-unused-vars
   18:15  warning  'targetRect' is assigned a value but never used       no-unused-vars
   50:11  warning  'targetObject3' is assigned a value but never used    no-unused-vars
   54:15  warning  'targetRect' is assigned a value but never used       no-unused-vars
   76:11  warning  'targetObject5' is assigned a value but never used    no-unused-vars
   80:15  warning  'targetRect' is assigned a value but never used       no-unused-vars
   97:7   warning  'targetObject6' is assigned a value but never used    no-unused-vars
  102:11  warning  'targetRect' is assigned a value but never used       no-unused-vars
  116:7   warning  'targetObject9' is assigned a value but never used    no-unused-vars
  121:11  warning  'targetRect' is assigned a value but never used       no-unused-vars
  221:7   warning  'material1Button' is assigned a value but never used  no-unused-vars
  222:7   warning  'material2Button' is assigned a value but never used  no-unused-vars

✖ 26 problems (0 errors, 26 warnings)

